[2025-05-20 16:09:17] request.INFO: Matched route "api_translation_value_edit". {"route":"api_translation_value_edit","route_parameters":{"_route":"api_translation_value_edit","_controller":"prestashop.core.api.translation.controller:translationEditAction","_legacy_controller":"AdminTranslations"},"request_uri":"http://localhost/salon_paznokci_jjs/admin1/index.php/api/translations/edit?_token=o4s-BgrtDRWBf9h4T4vY6XwpRlPocGGWWQCvss2nXMY","method":"POST"} []
[2025-05-20 16:09:17] security.DEBUG: Read existing security token from the session. {"key":"_security_main","token_class":"Symfony\\Component\\Security\\Core\\Authentication\\Token\\UsernamePasswordToken"} []
[2025-05-20 16:09:17] security.DEBUG: User was reloaded from a user provider. {"provider":"PrestaShopBundle\\Security\\Admin\\EmployeeProvider","username":"juliamanikowska54@gmail.com"} []
[2025-05-20 16:09:18] app.ERROR: No result was found for query although at least one row was expected. {"object_type":"Translation"} []
[2025-05-20 16:09:18] app.ERROR: You must specify as many arguments (%d, %s ...) as the original string. {"object_type":"Translation"} []
[2025-05-20 16:09:18] app.ERROR: No result was found for query although at least one row was expected. {"object_type":"Translation"} []
[2025-05-20 16:09:36] request.INFO: Matched route "api_translation_value_edit". {"route":"api_translation_value_edit","route_parameters":{"_route":"api_translation_value_edit","_controller":"prestashop.core.api.translation.controller:translationEditAction","_legacy_controller":"AdminTranslations"},"request_uri":"http://localhost/salon_paznokci_jjs/admin1/index.php/api/translations/edit?_token=o4s-BgrtDRWBf9h4T4vY6XwpRlPocGGWWQCvss2nXMY","method":"POST"} []
[2025-05-20 16:09:37] security.DEBUG: Read existing security token from the session. {"key":"_security_main","token_class":"Symfony\\Component\\Security\\Core\\Authentication\\Token\\UsernamePasswordToken"} []
[2025-05-20 16:09:37] security.DEBUG: User was reloaded from a user provider. {"provider":"PrestaShopBundle\\Security\\Admin\\EmployeeProvider","username":"juliamanikowska54@gmail.com"} []
[2025-05-20 16:09:37] app.ERROR: No result was found for query although at least one row was expected. {"object_type":"Translation"} []
[2025-05-20 16:09:37] app.ERROR: You must specify as many arguments (%d, %s ...) as the original string. {"object_type":"Translation"} []
[2025-05-20 16:09:39] security.DEBUG: Stored the security token in the session. {"key":"_security_main"} []
[2025-05-20 16:11:12] request.INFO: Matched route "api_translation_value_reset". {"route":"api_translation_value_reset","route_parameters":{"_route":"api_translation_value_reset","_controller":"prestashop.core.api.translation.controller:translationResetAction","_legacy_controller":"AdminTranslations"},"request_uri":"http://localhost/salon_paznokci_jjs/admin1/index.php/api/translations/reset?_token=o4s-BgrtDRWBf9h4T4vY6XwpRlPocGGWWQCvss2nXMY","method":"POST"} []
[2025-05-20 16:11:12] security.DEBUG: Read existing security token from the session. {"key":"_security_main","token_class":"Symfony\\Component\\Security\\Core\\Authentication\\Token\\UsernamePasswordToken"} []
[2025-05-20 16:11:12] security.DEBUG: User was reloaded from a user provider. {"provider":"PrestaShopBundle\\Security\\Admin\\EmployeeProvider","username":"juliamanikowska54@gmail.com"} []
[2025-05-20 16:11:12] app.ERROR: EntityManager#remove() expects parameter 1 to be an entity object, NULL given. [] []
[2025-05-20 16:11:15] security.DEBUG: Stored the security token in the session. {"key":"_security_main"} []
[2025-05-20 16:11:57] request.INFO: Matched route "api_translation_value_edit". {"route":"api_translation_value_edit","route_parameters":{"_route":"api_translation_value_edit","_controller":"prestashop.core.api.translation.controller:translationEditAction","_legacy_controller":"AdminTranslations"},"request_uri":"http://localhost/salon_paznokci_jjs/admin1/index.php/api/translations/edit?_token=o4s-BgrtDRWBf9h4T4vY6XwpRlPocGGWWQCvss2nXMY","method":"POST"} []
[2025-05-20 16:11:58] security.DEBUG: Read existing security token from the session. {"key":"_security_main","token_class":"Symfony\\Component\\Security\\Core\\Authentication\\Token\\UsernamePasswordToken"} []
[2025-05-20 16:11:58] security.DEBUG: User was reloaded from a user provider. {"provider":"PrestaShopBundle\\Security\\Admin\\EmployeeProvider","username":"juliamanikowska54@gmail.com"} []
[2025-05-20 16:11:58] app.ERROR: No result was found for query although at least one row was expected. {"object_type":"Translation"} []
[2025-05-20 16:11:58] app.ERROR: You must specify as many arguments (%d, %s ...) as the original string. {"object_type":"Translation"} []
[2025-05-20 16:11:59] security.DEBUG: Stored the security token in the session. {"key":"_security_main"} []
[2025-05-20 16:12:23] request.INFO: Matched route "api_translation_value_reset". {"route":"api_translation_value_reset","route_parameters":{"_route":"api_translation_value_reset","_controller":"prestashop.core.api.translation.controller:translationResetAction","_legacy_controller":"AdminTranslations"},"request_uri":"http://localhost/salon_paznokci_jjs/admin1/index.php/api/translations/reset?_token=o4s-BgrtDRWBf9h4T4vY6XwpRlPocGGWWQCvss2nXMY","method":"POST"} []
[2025-05-20 16:12:24] security.DEBUG: Read existing security token from the session. {"key":"_security_main","token_class":"Symfony\\Component\\Security\\Core\\Authentication\\Token\\UsernamePasswordToken"} []
[2025-05-20 16:12:24] security.DEBUG: User was reloaded from a user provider. {"provider":"PrestaShopBundle\\Security\\Admin\\EmployeeProvider","username":"juliamanikowska54@gmail.com"} []
[2025-05-20 16:12:24] app.ERROR: EntityManager#remove() expects parameter 1 to be an entity object, NULL given. [] []
[2025-05-20 16:12:25] security.DEBUG: Stored the security token in the session. {"key":"_security_main"} []
[2025-05-20 16:12:52] request.INFO: Matched route "api_translation_value_edit". {"route":"api_translation_value_edit","route_parameters":{"_route":"api_translation_value_edit","_controller":"prestashop.core.api.translation.controller:translationEditAction","_legacy_controller":"AdminTranslations"},"request_uri":"http://localhost/salon_paznokci_jjs/admin1/index.php/api/translations/edit?_token=o4s-BgrtDRWBf9h4T4vY6XwpRlPocGGWWQCvss2nXMY","method":"POST"} []
[2025-05-20 16:12:52] security.DEBUG: Read existing security token from the session. {"key":"_security_main","token_class":"Symfony\\Component\\Security\\Core\\Authentication\\Token\\UsernamePasswordToken"} []
[2025-05-20 16:12:52] security.DEBUG: User was reloaded from a user provider. {"provider":"PrestaShopBundle\\Security\\Admin\\EmployeeProvider","username":"juliamanikowska54@gmail.com"} []
[2025-05-20 16:12:52] app.ERROR: No result was found for query although at least one row was expected. {"object_type":"Translation"} []
[2025-05-20 16:12:54] security.DEBUG: Stored the security token in the session. {"key":"_security_main"} []
[2025-05-20 16:13:09] request.INFO: Matched route "api_translation_value_edit". {"route":"api_translation_value_edit","route_parameters":{"_route":"api_translation_value_edit","_controller":"prestashop.core.api.translation.controller:translationEditAction","_legacy_controller":"AdminTranslations"},"request_uri":"http://localhost/salon_paznokci_jjs/admin1/index.php/api/translations/edit?_token=o4s-BgrtDRWBf9h4T4vY6XwpRlPocGGWWQCvss2nXMY","method":"POST"} []
[2025-05-20 16:13:10] security.DEBUG: Read existing security token from the session. {"key":"_security_main","token_class":"Symfony\\Component\\Security\\Core\\Authentication\\Token\\UsernamePasswordToken"} []
[2025-05-20 16:13:10] security.DEBUG: User was reloaded from a user provider. {"provider":"PrestaShopBundle\\Security\\Admin\\EmployeeProvider","username":"juliamanikowska54@gmail.com"} []
[2025-05-20 16:13:10] app.ERROR: No result was found for query although at least one row was expected. {"object_type":"Translation"} []
[2025-05-20 16:13:11] security.DEBUG: Stored the security token in the session. {"key":"_security_main"} []
[2025-05-20 16:13:24] request.INFO: Matched route "api_translation_value_edit". {"route":"api_translation_value_edit","route_parameters":{"_route":"api_translation_value_edit","_controller":"prestashop.core.api.translation.controller:translationEditAction","_legacy_controller":"AdminTranslations"},"request_uri":"http://localhost/salon_paznokci_jjs/admin1/index.php/api/translations/edit?_token=o4s-BgrtDRWBf9h4T4vY6XwpRlPocGGWWQCvss2nXMY","method":"POST"} []
[2025-05-20 16:13:26] security.DEBUG: Read existing security token from the session. {"key":"_security_main","token_class":"Symfony\\Component\\Security\\Core\\Authentication\\Token\\UsernamePasswordToken"} []
[2025-05-20 16:13:26] security.DEBUG: User was reloaded from a user provider. {"provider":"PrestaShopBundle\\Security\\Admin\\EmployeeProvider","username":"juliamanikowska54@gmail.com"} []
[2025-05-20 16:13:26] app.ERROR: No result was found for query although at least one row was expected. {"object_type":"Translation"} []
[2025-05-20 16:13:27] security.DEBUG: Stored the security token in the session. {"key":"_security_main"} []
[2025-05-20 16:13:41] request.INFO: Matched route "api_translation_value_edit". {"route":"api_translation_value_edit","route_parameters":{"_route":"api_translation_value_edit","_controller":"prestashop.core.api.translation.controller:translationEditAction","_legacy_controller":"AdminTranslations"},"request_uri":"http://localhost/salon_paznokci_jjs/admin1/index.php/api/translations/edit?_token=o4s-BgrtDRWBf9h4T4vY6XwpRlPocGGWWQCvss2nXMY","method":"POST"} []
[2025-05-20 16:13:41] security.DEBUG: Read existing security token from the session. {"key":"_security_main","token_class":"Symfony\\Component\\Security\\Core\\Authentication\\Token\\UsernamePasswordToken"} []
[2025-05-20 16:13:41] security.DEBUG: User was reloaded from a user provider. {"provider":"PrestaShopBundle\\Security\\Admin\\EmployeeProvider","username":"juliamanikowska54@gmail.com"} []
[2025-05-20 16:13:41] app.ERROR: No result was found for query although at least one row was expected. {"object_type":"Translation"} []
[2025-05-20 16:13:42] security.DEBUG: Stored the security token in the session. {"key":"_security_main"} []
[2025-05-20 16:13:59] request.INFO: Matched route "api_translation_value_edit". {"route":"api_translation_value_edit","route_parameters":{"_route":"api_translation_value_edit","_controller":"prestashop.core.api.translation.controller:translationEditAction","_legacy_controller":"AdminTranslations"},"request_uri":"http://localhost/salon_paznokci_jjs/admin1/index.php/api/translations/edit?_token=o4s-BgrtDRWBf9h4T4vY6XwpRlPocGGWWQCvss2nXMY","method":"POST"} []
[2025-05-20 16:13:59] security.DEBUG: Read existing security token from the session. {"key":"_security_main","token_class":"Symfony\\Component\\Security\\Core\\Authentication\\Token\\UsernamePasswordToken"} []
[2025-05-20 16:13:59] security.DEBUG: User was reloaded from a user provider. {"provider":"PrestaShopBundle\\Security\\Admin\\EmployeeProvider","username":"juliamanikowska54@gmail.com"} []
[2025-05-20 16:13:59] app.ERROR: No result was found for query although at least one row was expected. {"object_type":"Translation"} []
[2025-05-20 16:14:01] security.DEBUG: Stored the security token in the session. {"key":"_security_main"} []
[2025-05-20 16:14:16] request.CRITICAL: Uncaught PHP Exception Symfony\Component\Filesystem\Exception\IOException: "Cannot rename "C:\xampp\htdocs\salon_paznokci_jjs\var\cache\prod\UrlE54.tmp" to "C:\xampp\htdocs\salon_paznokci_jjs\var\cache\prod/UrlMatcher.php"." at C:\xampp\htdocs\salon_paznokci_jjs\vendor\symfony\symfony\src\Symfony\Component\Filesystem\Filesystem.php line 290 {"exception":"[object] (Symfony\\Component\\Filesystem\\Exception\\IOException(code: 0): Cannot rename \"C:\\xampp\\htdocs\\salon_paznokci_jjs\\var\\cache\\prod\\UrlE54.tmp\" to \"C:\\xampp\\htdocs\\salon_paznokci_jjs\\var\\cache\\prod/UrlMatcher.php\". at C:\\xampp\\htdocs\\salon_paznokci_jjs\\vendor\\symfony\\symfony\\src\\Symfony\\Component\\Filesystem\\Filesystem.php:290)"} []
[2025-05-20 16:14:39] request.INFO: Matched route "api_translation_value_edit". {"route":"api_translation_value_edit","route_parameters":{"_route":"api_translation_value_edit","_controller":"prestashop.core.api.translation.controller:translationEditAction","_legacy_controller":"AdminTranslations"},"request_uri":"http://localhost/salon_paznokci_jjs/admin1/index.php/api/translations/edit?_token=o4s-BgrtDRWBf9h4T4vY6XwpRlPocGGWWQCvss2nXMY","method":"POST"} []
[2025-05-20 16:14:39] security.DEBUG: Read existing security token from the session. {"key":"_security_main","token_class":"Symfony\\Component\\Security\\Core\\Authentication\\Token\\UsernamePasswordToken"} []
[2025-05-20 16:14:39] security.DEBUG: User was reloaded from a user provider. {"provider":"PrestaShopBundle\\Security\\Admin\\EmployeeProvider","username":"juliamanikowska54@gmail.com"} []
[2025-05-20 16:14:39] app.ERROR: No result was found for query although at least one row was expected. {"object_type":"Translation"} []
[2025-05-20 16:14:41] security.DEBUG: Stored the security token in the session. {"key":"_security_main"} []
[2025-05-20 16:14:54] cache.WARNING: Failed to save key "PrestaShopBundle%5CEntity%5CFeatureFlag%24descriptionWording" of type array: rename(C:\xampp\htdocs\salon_paznokci_jjs\var\cache\prod\pools\VOlE-1weCy\5371aa5e54c6,C:\xampp\htdocs\salon_paznokci_jjs\var\cache\prod\pools\VOlE-1weCy\D\R\-Iaa5QDn83fxKHvGTnIg): Odmowa dostępu (code: 5) {"key":"PrestaShopBundle%5CEntity%5CFeatureFlag%24descriptionWording","exception":"[object] (ErrorException(code: 0): rename(C:\\xampp\\htdocs\\salon_paznokci_jjs\\var\\cache\\prod\\pools\\VOlE-1weCy\\5371aa5e54c6,C:\\xampp\\htdocs\\salon_paznokci_jjs\\var\\cache\\prod\\pools\\VOlE-1weCy\\D\\R\\-Iaa5QDn83fxKHvGTnIg): Odmowa dostępu (code: 5) at C:\\xampp\\htdocs\\salon_paznokci_jjs\\vendor\\symfony\\symfony\\src\\Symfony\\Component\\Cache\\Traits\\FilesystemCommonTrait.php:115)"} []
[2025-05-20 16:14:55] cache.WARNING: Failed to save key "property_metadata_93cfa56b78d25d12b5aa21ac591223ae" of type ApiPlatform\Metadata\ApiProperty: rename(C:\xampp\htdocs\salon_paznokci_jjs\var\cache\prod\pools\tq-IX0dJm1\ebc9b6d45da4,C:\xampp\htdocs\salon_paznokci_jjs\var\cache\prod\pools\tq-IX0dJm1\P\I\v7fOUXsbot+FCJKnKtAw): Odmowa dostępu (code: 5) {"key":"property_metadata_93cfa56b78d25d12b5aa21ac591223ae","exception":"[object] (ErrorException(code: 0): rename(C:\\xampp\\htdocs\\salon_paznokci_jjs\\var\\cache\\prod\\pools\\tq-IX0dJm1\\ebc9b6d45da4,C:\\xampp\\htdocs\\salon_paznokci_jjs\\var\\cache\\prod\\pools\\tq-IX0dJm1\\P\\I\\v7fOUXsbot+FCJKnKtAw): Odmowa dostępu (code: 5) at C:\\xampp\\htdocs\\salon_paznokci_jjs\\vendor\\symfony\\symfony\\src\\Symfony\\Component\\Cache\\Traits\\FilesystemCommonTrait.php:115)"} []
[2025-05-20 16:14:55] cache.WARNING: Failed to save key "property_metadata_5cb5dc291f0b934b37c460c2994aef73" of type ApiPlatform\Core\Metadata\Property\PropertyMetadata: rename(C:\xampp\htdocs\salon_paznokci_jjs\var\cache\prod\pools\DfZMLDFKcU\0c8773d6221f,C:\xampp\htdocs\salon_paznokci_jjs\var\cache\prod\pools\DfZMLDFKcU\M\T\2jBXfYUY+hZKCarfFsGQ): Odmowa dostępu (code: 5) {"key":"property_metadata_5cb5dc291f0b934b37c460c2994aef73","exception":"[object] (ErrorException(code: 0): rename(C:\\xampp\\htdocs\\salon_paznokci_jjs\\var\\cache\\prod\\pools\\DfZMLDFKcU\\0c8773d6221f,C:\\xampp\\htdocs\\salon_paznokci_jjs\\var\\cache\\prod\\pools\\DfZMLDFKcU\\M\\T\\2jBXfYUY+hZKCarfFsGQ): Odmowa dostępu (code: 5) at C:\\xampp\\htdocs\\salon_paznokci_jjs\\vendor\\symfony\\symfony\\src\\Symfony\\Component\\Cache\\Traits\\FilesystemCommonTrait.php:115)"} []
[2025-05-20 16:14:55] cache.WARNING: Failed to save key "property_metadata_2d3e5c1bee79895c586947f43b5fc156" of type ApiPlatform\Core\Metadata\Property\PropertyMetadata: rename(C:\xampp\htdocs\salon_paznokci_jjs\var\cache\prod\pools\DfZMLDFKcU\e2a8f34af9a8,C:\xampp\htdocs\salon_paznokci_jjs\var\cache\prod\pools\DfZMLDFKcU\5\B\o91FObRVajx4MkxfaksA): Odmowa dostępu (code: 5) {"key":"property_metadata_2d3e5c1bee79895c586947f43b5fc156","exception":"[object] (ErrorException(code: 0): rename(C:\\xampp\\htdocs\\salon_paznokci_jjs\\var\\cache\\prod\\pools\\DfZMLDFKcU\\e2a8f34af9a8,C:\\xampp\\htdocs\\salon_paznokci_jjs\\var\\cache\\prod\\pools\\DfZMLDFKcU\\5\\B\\o91FObRVajx4MkxfaksA): Odmowa dostępu (code: 5) at C:\\xampp\\htdocs\\salon_paznokci_jjs\\vendor\\symfony\\symfony\\src\\Symfony\\Component\\Cache\\Traits\\FilesystemCommonTrait.php:115)"} []
[2025-05-20 16:14:55] cache.WARNING: Failed to save key "property_metadata_3c0f1b5ec177da18070e26d93a02edef" of type ApiPlatform\Core\Metadata\Property\PropertyMetadata: rename(C:\xampp\htdocs\salon_paznokci_jjs\var\cache\prod\pools\DfZMLDFKcU\700c4a5f8390,C:\xampp\htdocs\salon_paznokci_jjs\var\cache\prod\pools\DfZMLDFKcU\D\M\BdJtXQv9ti4+z3Lkxiog): Odmowa dostępu (code: 5) {"key":"property_metadata_3c0f1b5ec177da18070e26d93a02edef","exception":"[object] (ErrorException(code: 0): rename(C:\\xampp\\htdocs\\salon_paznokci_jjs\\var\\cache\\prod\\pools\\DfZMLDFKcU\\700c4a5f8390,C:\\xampp\\htdocs\\salon_paznokci_jjs\\var\\cache\\prod\\pools\\DfZMLDFKcU\\D\\M\\BdJtXQv9ti4+z3Lkxiog): Odmowa dostępu (code: 5) at C:\\xampp\\htdocs\\salon_paznokci_jjs\\vendor\\symfony\\symfony\\src\\Symfony\\Component\\Cache\\Traits\\FilesystemCommonTrait.php:115)"} []
[2025-05-20 16:14:55] request.INFO: Matched route "api_translation_value_edit". {"route":"api_translation_value_edit","route_parameters":{"_route":"api_translation_value_edit","_controller":"prestashop.core.api.translation.controller:translationEditAction","_legacy_controller":"AdminTranslations"},"request_uri":"http://localhost/salon_paznokci_jjs/admin1/index.php/api/translations/edit?_token=o4s-BgrtDRWBf9h4T4vY6XwpRlPocGGWWQCvss2nXMY","method":"POST"} []
[2025-05-20 16:14:56] security.DEBUG: Read existing security token from the session. {"key":"_security_main","token_class":"Symfony\\Component\\Security\\Core\\Authentication\\Token\\UsernamePasswordToken"} []
[2025-05-20 16:14:56] security.DEBUG: User was reloaded from a user provider. {"provider":"PrestaShopBundle\\Security\\Admin\\EmployeeProvider","username":"juliamanikowska54@gmail.com"} []
[2025-05-20 16:14:56] app.ERROR: No result was found for query although at least one row was expected. {"object_type":"Translation"} []
[2025-05-20 16:14:57] security.DEBUG: Stored the security token in the session. {"key":"_security_main"} []
[2025-05-20 16:15:13] request.INFO: Matched route "api_translation_value_edit". {"route":"api_translation_value_edit","route_parameters":{"_route":"api_translation_value_edit","_controller":"prestashop.core.api.translation.controller:translationEditAction","_legacy_controller":"AdminTranslations"},"request_uri":"http://localhost/salon_paznokci_jjs/admin1/index.php/api/translations/edit?_token=o4s-BgrtDRWBf9h4T4vY6XwpRlPocGGWWQCvss2nXMY","method":"POST"} []
[2025-05-20 16:15:13] security.DEBUG: Read existing security token from the session. {"key":"_security_main","token_class":"Symfony\\Component\\Security\\Core\\Authentication\\Token\\UsernamePasswordToken"} []
[2025-05-20 16:15:13] security.DEBUG: User was reloaded from a user provider. {"provider":"PrestaShopBundle\\Security\\Admin\\EmployeeProvider","username":"juliamanikowska54@gmail.com"} []
[2025-05-20 16:15:13] app.ERROR: No result was found for query although at least one row was expected. {"object_type":"Translation"} []
[2025-05-20 16:15:15] security.DEBUG: Stored the security token in the session. {"key":"_security_main"} []
[2025-05-20 16:15:28] cache.WARNING: Failed to save key "property_metadata_2d3e5c1bee79895c586947f43b5fc156" of type ApiPlatform\Core\Metadata\Property\PropertyMetadata: rename(C:\xampp\htdocs\salon_paznokci_jjs\var\cache\prod\pools\DfZMLDFKcU\211ce13e371c,C:\xampp\htdocs\salon_paznokci_jjs\var\cache\prod\pools\DfZMLDFKcU\5\B\o91FObRVajx4MkxfaksA): Odmowa dostępu (code: 5) {"key":"property_metadata_2d3e5c1bee79895c586947f43b5fc156","exception":"[object] (ErrorException(code: 0): rename(C:\\xampp\\htdocs\\salon_paznokci_jjs\\var\\cache\\prod\\pools\\DfZMLDFKcU\\211ce13e371c,C:\\xampp\\htdocs\\salon_paznokci_jjs\\var\\cache\\prod\\pools\\DfZMLDFKcU\\5\\B\\o91FObRVajx4MkxfaksA): Odmowa dostępu (code: 5) at C:\\xampp\\htdocs\\salon_paznokci_jjs\\vendor\\symfony\\symfony\\src\\Symfony\\Component\\Cache\\Traits\\FilesystemCommonTrait.php:115)"} []
[2025-05-20 16:15:28] request.CRITICAL: Uncaught PHP Exception Symfony\Component\Filesystem\Exception\IOException: "Cannot rename "C:\xampp\htdocs\salon_paznokci_jjs\var\cache\prod\Url3E5E.tmp" to "C:\xampp\htdocs\salon_paznokci_jjs\var\cache\prod/UrlMatcher.php"." at C:\xampp\htdocs\salon_paznokci_jjs\vendor\symfony\symfony\src\Symfony\Component\Filesystem\Filesystem.php line 290 {"exception":"[object] (Symfony\\Component\\Filesystem\\Exception\\IOException(code: 0): Cannot rename \"C:\\xampp\\htdocs\\salon_paznokci_jjs\\var\\cache\\prod\\Url3E5E.tmp\" to \"C:\\xampp\\htdocs\\salon_paznokci_jjs\\var\\cache\\prod/UrlMatcher.php\". at C:\\xampp\\htdocs\\salon_paznokci_jjs\\vendor\\symfony\\symfony\\src\\Symfony\\Component\\Filesystem\\Filesystem.php:290)"} []
[2025-05-20 16:19:23] request.INFO: Matched route "api_translation_value_edit". {"route":"api_translation_value_edit","route_parameters":{"_route":"api_translation_value_edit","_controller":"prestashop.core.api.translation.controller:translationEditAction","_legacy_controller":"AdminTranslations"},"request_uri":"http://localhost/salon_paznokci_jjs/admin1/index.php/api/translations/edit?_token=o4s-BgrtDRWBf9h4T4vY6XwpRlPocGGWWQCvss2nXMY","method":"POST"} []
[2025-05-20 16:19:23] security.DEBUG: Read existing security token from the session. {"key":"_security_main","token_class":"Symfony\\Component\\Security\\Core\\Authentication\\Token\\UsernamePasswordToken"} []
[2025-05-20 16:19:23] security.DEBUG: User was reloaded from a user provider. {"provider":"PrestaShopBundle\\Security\\Admin\\EmployeeProvider","username":"juliamanikowska54@gmail.com"} []
[2025-05-20 16:19:23] app.ERROR: No result was found for query although at least one row was expected. {"object_type":"Translation"} []
[2025-05-20 16:19:25] security.DEBUG: Stored the security token in the session. {"key":"_security_main"} []
